{"numTotalTestSuites":35,"numPassedTestSuites":35,"numFailedTestSuites":0,"numPendingTestSuites":0,"numTotalTests":121,"numPassedTests":121,"numFailedTests":0,"numPendingTests":0,"numTodoTests":0,"snapshot":{"added":0,"failure":false,"filesAdded":0,"filesRemoved":0,"filesRemovedList":[],"filesUnmatched":0,"filesUpdated":0,"matched":0,"total":0,"unchecked":0,"uncheckedKeysByFile":[],"unmatched":0,"updated":0,"didUpdate":false},"startTime":1786440748819,"success":true,"testResults":[{"assertionResults":[{"ancestorTitles":["consent defaults"],"fullName":"consent defaults never enables camera capture or sharing by default","status":"passed","title":"never enables camera capture or sharing by default","duration":1.0591999999996915,"failureMessages":[],"meta":{}},{"ancestorTitles":["consent defaults"],"fullName":"consent defaults defaults hints to on-demand rather than always visible","status":"passed","title":"defaults hints to on-demand rather than always visible","duration":0.3526000000001659,"failureMessages":[],"meta":{}},{"ancestorTitles":["landing page"],"fullName":"landing page explains the product and marks it as a simulation","status":"passed","title":"explains the product and marks it as a simulation","duration":82.00790000000006,"failureMessages":[],"meta":{}},{"ancestorTitles":["landing page"],"fullName":"landing page goes to the onboarding from \"Demo starten\"","status":"passed","title":"goes to the onboarding from \"Demo starten\"","duration":56.38009999999986,"failureMessages":[],"meta":{}},{"ancestorTitles":["onboarding"],"fullName":"onboarding walks through every step and ends on the consent screen","status":"passed","title":"walks through every step and ends on the consent screen","duration":244.11490000000003,"failureMessages":[],"meta":{}},{"ancestorTitles":["simulated phone"],"fullName":"simulated phone ends the setup on the home screen, not inside the feed","status":"passed","title":"ends the setup on the home screen, not inside the feed","duration":281.6918999999998,"failureMessages":[],"meta":{}},{"ancestorTitles":["simulated phone"],"fullName":"simulated phone offers the platform and ContextLens as two separate apps","status":"passed","title":"offers the platform and ContextLens as two separate apps","duration":15.308700000000044,"failureMessages":[],"meta":{}},{"ancestorTitles":["simulated phone"],"fullName":"simulated phone states what the extension is currently doing on the home screen","status":"passed","title":"states what the extension is currently doing on the home screen","duration":9.47569999999996,"failureMessages":[],"meta":{}},{"ancestorTitles":["assistance layer over a foreign app"],"fullName":"assistance layer over a foreign app marks the feed as someone else’s app and keeps the extension visible","status":"passed","title":"marks the feed as someone else’s app and keeps the extension visible","duration":93.08469999999988,"failureMessages":[],"meta":{}},{"ancestorTitles":["assistance layer over a foreign app"],"fullName":"assistance layer over a foreign app pauses the whole layer from the overlay panel","status":"passed","title":"pauses the whole layer from the overlay panel","duration":169.00779999999986,"failureMessages":[],"meta":{}},{"ancestorTitles":["assistance layer over a foreign app"],"fullName":"assistance layer over a foreign app never reports the analysis as running when it is switched off","status":"passed","title":"never reports the analysis as running when it is switched off","duration":35.67000000000007,"failureMessages":[],"meta":{}},{"ancestorTitles":["assistance layer over a foreign app"],"fullName":"assistance layer over a foreign app says so when a platform control does not exist in the prototype","status":"passed","title":"says so when a platform control does not exist in the prototype","duration":99.93849999999975,"failureMessages":[],"meta":{}},{"ancestorTitles":["visual feed"],"fullName":"visual feed lists the example posts with assistant buttons","status":"passed","title":"lists the example posts with assistant buttons","duration":57.246200000000044,"failureMessages":[],"meta":{}},{"ancestorTitles":["visual feed"],"fullName":"visual feed switches to the discussion feed","status":"passed","title":"switches to the discussion feed","duration":83.66399999999976,"failureMessages":[],"meta":{}},{"ancestorTitles":["visual feed"],"fullName":"visual feed uses photo-feed conventions: action row, likes line, inline caption","status":"passed","title":"uses photo-feed conventions: action row, likes line, inline caption","duration":139.61260000000038,"failureMessages":[],"meta":{}},{"ancestorTitles":["visual feed"],"fullName":"visual feed likes a post on double tap and never un-likes it that way","status":"passed","title":"likes a post on double tap and never un-likes it that way","duration":169.35940000000028,"failureMessages":[],"meta":{}},{"ancestorTitles":["visual feed"],"fullName":"visual feed loads example imagery for each post instead of a grey box","status":"passed","title":"loads example imagery for each post instead of a grey box","duration":23.70010000000002,"failureMessages":[],"meta":{}},{"ancestorTitles":["visual feed"],"fullName":"visual feed follows an account without pretending an account exists","status":"passed","title":"follows an account without pretending an account exists","duration":104.41820000000007,"failureMessages":[],"meta":{}},{"ancestorTitles":["visual feed"],"fullName":"visual feed offers the community reaction as one emoji per post","status":"passed","title":"offers the community reaction as one emoji per post","duration":91.57099999999991,"failureMessages":[],"meta":{}},{"ancestorTitles":["visual feed"],"fullName":"visual feed labels the decorative platform controls as non-functional","status":"passed","title":"labels the decorative platform controls as non-functional","duration":50.89190000000008,"failureMessages":[],"meta":{}},{"ancestorTitles":["visual feed"],"fullName":"visual feed keeps the media layer labelled as either an example clip or a simulated fallback","status":"passed","title":"keeps the media layer labelled as either an example clip or a simulated fallback","duration":23.885299999999916,"failureMessages":[],"meta":{}},{"ancestorTitles":["visual feed"],"fullName":"visual feed shows the status bar with the camera reported as off","status":"passed","title":"shows the status bar with the camera reported as off","duration":28.18459999999959,"failureMessages":[],"meta":{}},{"ancestorTitles":["post detail"],"fullName":"post detail shows content, analysis and community reactions in order","status":"passed","title":"shows content, analysis and community reactions in order","duration":22.965900000000147,"failureMessages":[],"meta":{}},{"ancestorTitles":["post detail"],"fullName":"post detail separates estimated and self-reported community data behind a switch","status":"passed","title":"separates estimated and self-reported community data behind a switch","duration":74.39439999999922,"failureMessages":[],"meta":{}},{"ancestorTitles":["post detail"],"fullName":"post detail always warns that the group need not be representative","status":"passed","title":"always warns that the group need not be representative","duration":14.07169999999951,"failureMessages":[],"meta":{}},{"ancestorTitles":["post detail"],"fullName":"post detail explains why no reaction timeline is shown without consent","status":"passed","title":"explains why no reaction timeline is shown without consent","duration":12.35949999999957,"failureMessages":[],"meta":{}},{"ancestorTitles":["post detail"],"fullName":"post detail shows the reaction timeline once capture is enabled","status":"passed","title":"shows the reaction timeline once capture is enabled","duration":27.254799999999705,"failureMessages":[],"meta":{}},{"ancestorTitles":["privacy dashboard"],"fullName":"privacy dashboard states local-only processing and lists what is simulated","status":"passed","title":"states local-only processing and lists what is simulated","duration":18.482500000000073,"failureMessages":[],"meta":{}},{"ancestorTitles":["privacy dashboard"],"fullName":"privacy dashboard asks for confirmation before deleting everything","status":"passed","title":"asks for confirmation before deleting everything","duration":59.51119999999992,"failureMessages":[],"meta":{}},{"ancestorTitles":["settings"],"fullName":"settings unlocks the camera preview only after capture is enabled","status":"passed","title":"unlocks the camera preview only after capture is enabled","duration":74.1264000000001,"failureMessages":[],"meta":{}},{"ancestorTitles":["settings"],"fullName":"settings turns the preview and sharing back off when capture is disabled again","status":"passed","title":"turns the preview and sharing back off when capture is disabled again","duration":65.55079999999998,"failureMessages":[],"meta":{}},{"ancestorTitles":["settings"],"fullName":"settings pauses every hint at once","status":"passed","title":"pauses every hint at once","duration":68.02769999999964,"failureMessages":[],"meta":{}},{"ancestorTitles":["research mode"],"fullName":"research mode offers exactly the three scenarios from the brief","status":"passed","title":"offers exactly the three scenarios from the brief","duration":11.785200000000259,"failureMessages":[],"meta":{}},{"ancestorTitles":["research mode"],"fullName":"research mode runs a scenario through to a saved rating","status":"passed","title":"runs a scenario through to a saved rating","duration":378.08610000000044,"failureMessages":[],"meta":{}},{"ancestorTitles":["personal overview"],"fullName":"personal overview shows an empty state before anything has been viewed","status":"passed","title":"shows an empty state before anything has been viewed","duration":6.371700000000601,"failureMessages":[],"meta":{}},{"ancestorTitles":["personal overview"],"fullName":"personal overview records viewed posts and allows deleting a single entry","status":"passed","title":"records viewed posts and allows deleting a single entry","duration":182.5554000000002,"failureMessages":[],"meta":{}},{"ancestorTitles":["unknown routes"],"fullName":"unknown routes shows a recovery page rather than a blank screen","status":"passed","title":"shows a recovery page rather than a blank screen","duration":2.5620000000008076,"failureMessages":[],"meta":{}}],"startTime":1786440751139,"endTime":1786440754018.562,"status":"passed","message":"","name":"C:/Users/flori/OneDrive/Dokumente/Uni/6. Semester/ETHOS/src/app/smoke.test.tsx"},{"assertionResults":[{"ancestorTitles":["posts"],"fullName":"posts meets the acceptance criterion of at least eight example posts","status":"passed","title":"meets the acceptance criterion of at least eight example posts","duration":0.9606999999998607,"failureMessages":[],"meta":{}},{"ancestorTitles":["posts"],"fullName":"posts provides at least four posts in each feed mode","status":"passed","title":"provides at least four posts in each feed mode","duration":0.2525999999998021,"failureMessages":[],"meta":{}},{"ancestorTitles":["posts"],"fullName":"posts uses unique ids","status":"passed","title":"uses unique ids","duration":0.1938000000000102,"failureMessages":[],"meta":{}},{"ancestorTitles":["posts"],"fullName":"posts gives every post a scripted analysis","status":"passed","title":"gives every post a scripted analysis","duration":0.26129999999989195,"failureMessages":[],"meta":{}},{"ancestorTitles":["posts"],"fullName":"posts describes every media placeholder, since the description is the content","status":"passed","title":"describes every media placeholder, since the description is the content","duration":0.12570000000005166,"failureMessages":[],"meta":{}},{"ancestorTitles":["posts"],"fullName":"posts gives every video a duration","status":"passed","title":"gives every video a duration","duration":0.11799999999993815,"failureMessages":[],"meta":{}},{"ancestorTitles":["posts"],"fullName":"posts names a drawn scene for every post that has media","status":"passed","title":"names a drawn scene for every post that has media","duration":0.6644000000001142,"failureMessages":[],"meta":{}},{"ancestorTitles":["posts"],"fullName":"posts keeps the sincere post free of a burned-in punchline","status":"passed","title":"keeps the sincere post free of a burned-in punchline","duration":0.09050000000002001,"failureMessages":[],"meta":{}},{"ancestorTitles":["posts"],"fullName":"posts flags exactly the comments that have their own analysis","status":"passed","title":"flags exactly the comments that have their own analysis","duration":0.3428000000001248,"failureMessages":[],"meta":{}},{"ancestorTitles":["analyses"],"fullName":"analyses always states at least one thing it cannot know","status":"passed","title":"always states at least one thing it cannot know","duration":0.23610000000007858,"failureMessages":[],"meta":{}},{"ancestorTitles":["analyses"],"fullName":"analyses always offers at least one alternative reading","status":"passed","title":"always offers at least one alternative reading","duration":0.14640000000008513,"failureMessages":[],"meta":{}},{"ancestorTitles":["analyses"],"fullName":"analyses keeps every explanation hedged rather than definitive","status":"passed","title":"keeps every explanation hedged rather than definitive","duration":0.25949999999988904,"failureMessages":[],"meta":{}},{"ancestorTitles":["analyses"],"fullName":"analyses never uses forbidden absolute phrasings","status":"passed","title":"never uses forbidden absolute phrasings","duration":1.3609000000001288,"failureMessages":[],"meta":{}},{"ancestorTitles":["analyses"],"fullName":"analyses only omits indicators for the deliberate low-context example","status":"passed","title":"only omits indicators for the deliberate low-context example","duration":0.6061999999999443,"failureMessages":[],"meta":{}},{"ancestorTitles":["community summaries"],"fullName":"community summaries exists for every post","status":"passed","title":"exists for every post","duration":0.33780000000001564,"failureMessages":[],"meta":{}},{"ancestorTitles":["community summaries"],"fullName":"community summaries has both distributions total 100 percent","status":"passed","title":"has both distributions total 100 percent","duration":0.342200000000048,"failureMessages":[],"meta":{}},{"ancestorTitles":["community summaries"],"fullName":"community summaries uses only reaction keys the UI has labels for","status":"passed","title":"uses only reaction keys the UI has labels for","duration":1.1455000000000837,"failureMessages":[],"meta":{}},{"ancestorTitles":["community summaries"],"fullName":"community summaries never reports more self-reports than total participants","status":"passed","title":"never reports more self-reports than total participants","duration":0.3490999999999076,"failureMessages":[],"meta":{}},{"ancestorTitles":["community summaries"],"fullName":"community summaries never puts \"unclear\" into the self-reported bucket","status":"passed","title":"never puts \"unclear\" into the self-reported bucket","duration":0.506800000000112,"failureMessages":[],"meta":{}},{"ancestorTitles":["community summaries"],"fullName":"community summaries always carries a representativeness warning","status":"passed","title":"always carries a representativeness warning","duration":0.26520000000004984,"failureMessages":[],"meta":{}},{"ancestorTitles":["reaction timelines"],"fullName":"reaction timelines starts at zero and covers the clip without gaps or overlaps","status":"passed","title":"starts at zero and covers the clip without gaps or overlaps","duration":0.45499999999992724,"failureMessages":[],"meta":{}},{"ancestorTitles":["reaction timelines"],"fullName":"reaction timelines ends exactly at the video duration","status":"passed","title":"ends exactly at the video duration","duration":0.14619999999990796,"failureMessages":[],"meta":{}},{"ancestorTitles":["reaction timelines"],"fullName":"reaction timelines matches the example from the brief for the emotional video","status":"passed","title":"matches the example from the brief for the emotional video","duration":0.24700000000007094,"failureMessages":[],"meta":{}},{"ancestorTitles":["reaction timelines"],"fullName":"reaction timelines keeps confidences within a plausible range","status":"passed","title":"keeps confidences within a plausible range","duration":0.3363999999999123,"failureMessages":[],"meta":{}}],"startTime":1786440750285,"endTime":1786440750295.3364,"status":"passed","message":"","name":"C:/Users/flori/OneDrive/Dokumente/Uni/6. Semester/ETHOS/src/data/data.test.ts"},{"assertionResults":[{"ancestorTitles":["community reaction derivation"],"fullName":"community reaction derivation ranks by share and breaks ties by the fixed vocabulary order","status":"passed","title":"ranks by share and breaks ties by the fixed vocabulary order","duration":1.187400000000025,"failureMessages":[],"meta":{}},{"ancestorTitles":["community reaction derivation"],"fullName":"community reaction derivation takes the headline from the self reports, not the camera estimates","status":"passed","title":"takes the headline from the self reports, not the camera estimates","duration":0.3394999999998163,"failureMessages":[],"meta":{}},{"ancestorTitles":["community reaction derivation"],"fullName":"community reaction derivation gives every reaction key an emoji","status":"passed","title":"gives every reaction key an emoji","duration":1.164600000000064,"failureMessages":[],"meta":{}},{"ancestorTitles":["community reaction derivation"],"fullName":"community reaction derivation flags a distribution built on a handful of people","status":"passed","title":"flags a distribution built on a handful of people","duration":0.12259999999992033,"failureMessages":[],"meta":{}},{"ancestorTitles":["CommunityReactionButton"],"fullName":"CommunityReactionButton renders nothing when community reactions are switched off","status":"passed","title":"renders nothing when community reactions are switched off","duration":14.158699999999953,"failureMessages":[],"meta":{}},{"ancestorTitles":["CommunityReactionButton"],"fullName":"CommunityReactionButton renders nothing while the assistance layer is paused","status":"passed","title":"renders nothing while the assistance layer is paused","duration":2.771400000000085,"failureMessages":[],"meta":{}},{"ancestorTitles":["CommunityReactionButton"],"fullName":"CommunityReactionButton renders nothing for a post without scripted community data","status":"passed","title":"renders nothing for a post without scripted community data","duration":2.1114000000000033,"failureMessages":[],"meta":{}},{"ancestorTitles":["CommunityReactionButton"],"fullName":"CommunityReactionButton spells the whole claim out in the accessible name","status":"passed","title":"spells the whole claim out in the accessible name","duration":56.51700000000028,"failureMessages":[],"meta":{}},{"ancestorTitles":["CommunityReactionButton"],"fullName":"CommunityReactionButton opens the full breakdown and names the source of the number","status":"passed","title":"opens the full breakdown and names the source of the number","duration":64.64239999999972,"failureMessages":[],"meta":{}},{"ancestorTitles":["CommunityReactionButton"],"fullName":"CommunityReactionButton withholds the percentage when almost nobody answered","status":"passed","title":"withholds the percentage when almost nobody answered","duration":38.61629999999968,"failureMessages":[],"meta":{}}],"startTime":1786440750829,"endTime":1786440751011.6162,"status":"passed","message":"","name":"C:/Users/flori/OneDrive/Dokumente/Uni/6. Semester/ETHOS/src/features/analytics/CommunityReactionButton.test.tsx"},{"assertionResults":[{"ancestorTitles":["ContextAssistantButton"],"fullName":"ContextAssistantButton shows nothing about the analysis until it is opened","status":"passed","title":"shows nothing about the analysis until it is opened","duration":68.79590000000007,"failureMessages":[],"meta":{}},{"ancestorTitles":["ContextAssistantButton"],"fullName":"ContextAssistantButton opens a labelled dialog with the sarcasm reading","status":"passed","title":"opens a labelled dialog with the sarcasm reading","duration":70.74210000000016,"failureMessages":[],"meta":{}},{"ancestorTitles":["ContextAssistantButton"],"fullName":"ContextAssistantButton states the uncertainty and the limits of the analysis","status":"passed","title":"states the uncertainty and the limits of the analysis","duration":71.11669999999981,"failureMessages":[],"meta":{}},{"ancestorTitles":["ContextAssistantButton"],"fullName":"ContextAssistantButton marks the result as an interpretation rather than a fact","status":"passed","title":"marks the result as an interpretation rather than a fact","duration":46.182799999999816,"failureMessages":[],"meta":{}},{"ancestorTitles":["ContextAssistantButton"],"fullName":"ContextAssistantButton reveals the indicators behind \"Warum wird das so eingeschätzt?\"","status":"passed","title":"reveals the indicators behind \"Warum wird das so eingeschätzt?\"","duration":115.01950000000011,"failureMessages":[],"meta":{}},{"ancestorTitles":["ContextAssistantButton"],"fullName":"ContextAssistantButton offers alternative readings via \"Andere Interpretation\"","status":"passed","title":"offers alternative readings via \"Andere Interpretation\"","duration":85.35400000000004,"failureMessages":[],"meta":{}},{"ancestorTitles":["ContextAssistantButton"],"fullName":"ContextAssistantButton acknowledges \"Nicht hilfreich\" feedback","status":"passed","title":"acknowledges \"Nicht hilfreich\" feedback","duration":92.71209999999974,"failureMessages":[],"meta":{}},{"ancestorTitles":["ContextAssistantButton"],"fullName":"ContextAssistantButton shows the ragebait card as a possibility, not a verdict","status":"passed","title":"shows the ragebait card as a possibility, not a verdict","duration":64.12900000000036,"failureMessages":[],"meta":{}},{"ancestorTitles":["ContextAssistantButton"],"fullName":"ContextAssistantButton admits when there is not enough context instead of guessing","status":"passed","title":"admits when there is not enough context instead of guessing","duration":59.66370000000006,"failureMessages":[],"meta":{}},{"ancestorTitles":["ContextAssistantButton"],"fullName":"ContextAssistantButton explains which setting is hiding a withheld hint","status":"passed","title":"explains which setting is hiding a withheld hint","duration":24.206300000000283,"failureMessages":[],"meta":{}},{"ancestorTitles":["ContextAssistantButton"],"fullName":"ContextAssistantButton renders no affordance for content without a scripted analysis","status":"passed","title":"renders no affordance for content without a scripted analysis","duration":1.4054000000000997,"failureMessages":[],"meta":{}},{"ancestorTitles":["assistant dialog accessibility"],"fullName":"assistant dialog accessibility moves focus into the dialog and closes on Escape","status":"passed","title":"moves focus into the dialog and closes on Escape","duration":111.31389999999965,"failureMessages":[],"meta":{}},{"ancestorTitles":["assistant dialog accessibility"],"fullName":"assistant dialog accessibility can be opened with the keyboard alone","status":"passed","title":"can be opened with the keyboard alone","duration":94.9393,"failureMessages":[],"meta":{}}],"startTime":1786440750477,"endTime":1786440751382.9392,"status":"passed","message":"","name":"C:/Users/flori/OneDrive/Dokumente/Uni/6. Semester/ETHOS/src/features/context-assistant/ContextAssistant.test.tsx"},{"assertionResults":[{"ancestorTitles":["LiveSelfView"],"fullName":"LiveSelfView renders nothing by default","status":"passed","title":"renders nothing by default","duration":14.47180000000003,"failureMessages":[],"meta":{}},{"ancestorTitles":["LiveSelfView"],"fullName":"LiveSelfView renders nothing when the preview is on but capture was never consented to","status":"passed","title":"renders nothing when the preview is on but capture was never consented to","duration":2.6902000000000044,"failureMessages":[],"meta":{}},{"ancestorTitles":["LiveSelfView"],"fullName":"LiveSelfView disappears while the assistance layer is paused","status":"passed","title":"disappears while the assistance layer is paused","duration":2.062400000000025,"failureMessages":[],"meta":{}},{"ancestorTitles":["LiveSelfView"],"fullName":"LiveSelfView appears with both switches on and says the picture is not evaluated","status":"passed","title":"appears with both switches on and says the picture is not evaluated","duration":54.081300000000056,"failureMessages":[],"meta":{}},{"ancestorTitles":["LiveSelfView"],"fullName":"LiveSelfView separates the real picture from the simulated reading in its panel","status":"passed","title":"separates the real picture from the simulated reading in its panel","duration":90.15350000000012,"failureMessages":[],"meta":{}},{"ancestorTitles":["LiveSelfView"],"fullName":"LiveSelfView switches itself off from its own panel","status":"passed","title":"switches itself off from its own panel","duration":102.05769999999984,"failureMessages":[],"meta":{}}],"startTime":1786440750480,"endTime":1786440750746.0576,"status":"passed","message":"","name":"C:/Users/flori/OneDrive/Dokumente/Uni/6. Semester/ETHOS/src/features/reactions/LiveSelfView.test.tsx"},{"assertionResults":[{"ancestorTitles":["OwnReactionControl"],"fullName":"OwnReactionControl renders nothing while simulated capture is off","status":"passed","title":"renders nothing while simulated capture is off","duration":16.66560000000004,"failureMessages":[],"meta":{}},{"ancestorTitles":["OwnReactionControl"],"fullName":"OwnReactionControl renders nothing while the assistant is paused","status":"passed","title":"renders nothing while the assistant is paused","duration":2.263500000000022,"failureMessages":[],"meta":{}},{"ancestorTitles":["OwnReactionControl"],"fullName":"OwnReactionControl describes a visible expression rather than an emotion","status":"passed","title":"describes a visible expression rather than an emotion","duration":58.68059999999991,"failureMessages":[],"meta":{}},{"ancestorTitles":["OwnReactionControl"],"fullName":"OwnReactionControl keeps estimate and self report as two separate labelled rows","status":"passed","title":"keeps estimate and self report as two separate labelled rows","duration":68.43939999999998,"failureMessages":[],"meta":{}},{"ancestorTitles":["OwnReactionControl"],"fullName":"OwnReactionControl records a correction without discarding the original estimate","status":"passed","title":"records a correction without discarding the original estimate","duration":182.9176,"failureMessages":[],"meta":{}},{"ancestorTitles":["OwnReactionControl"],"fullName":"OwnReactionControl lets a participant remove their own statement again","status":"passed","title":"lets a participant remove their own statement again","duration":182.49919999999997,"failureMessages":[],"meta":{}},{"ancestorTitles":["OwnReactionControl"],"fullName":"OwnReactionControl offers all nine self-report options from the brief","status":"passed","title":"offers all nine self-report options from the brief","duration":102.0284999999999,"failureMessages":[],"meta":{}},{"ancestorTitles":["OwnReactionControl"],"fullName":"OwnReactionControl states that no real camera is involved","status":"passed","title":"states that no real camera is involved","duration":68.84940000000006,"failureMessages":[],"meta":{}}],"startTime":1786440750468,"endTime":1786440751149.8494,"status":"passed","message":"","name":"C:/Users/flori/OneDrive/Dokumente/Uni/6. Semester/ETHOS/src/features/reactions/OwnReactionControl.test.tsx"},{"assertionResults":[{"ancestorTitles":["deriveCardVariant"],"fullName":"deriveCardVariant covers every card variant across the authored posts","status":"passed","title":"covers every card variant across the authored posts","duration":2.1698999999998705,"failureMessages":[],"meta":{}},{"ancestorTitles":["deriveCardVariant"],"fullName":"deriveCardVariant maps each example post to its intended variant","status":"passed","title":"maps each example post to its intended variant","duration":0.5751999999999953,"failureMessages":[],"meta":{}},{"ancestorTitles":["deriveCardVariant"],"fullName":"deriveCardVariant prefers \"insufficient-context\" over any tone when there are no indicators","status":"passed","title":"prefers \"insufficient-context\" over any tone when there are no indicators","duration":0.15620000000012624,"failureMessages":[],"meta":{}},{"ancestorTitles":["deriveCardVariant"],"fullName":"deriveCardVariant prefers \"ragebait\" over the tone-based variants","status":"passed","title":"prefers \"ragebait\" over the tone-based variants","duration":0.09100000000012187,"failureMessages":[],"meta":{}},{"ancestorTitles":["resolveAnalysis consent gating"],"fullName":"resolveAnalysis consent gating returns the analysis when everything is enabled","status":"passed","title":"returns the analysis when everything is enabled","duration":0.18050000000016553,"failureMessages":[],"meta":{}},{"ancestorTitles":["resolveAnalysis consent gating"],"fullName":"resolveAnalysis consent gating withholds everything while the assistant is paused","status":"passed","title":"withholds everything while the assistant is paused","duration":0.6102000000000771,"failureMessages":[],"meta":{}},{"ancestorTitles":["resolveAnalysis consent gating"],"fullName":"resolveAnalysis consent gating withholds everything when content analysis is off","status":"passed","title":"withholds everything when content analysis is off","duration":0.1356999999998152,"failureMessages":[],"meta":{}},{"ancestorTitles":["resolveAnalysis consent gating"],"fullName":"resolveAnalysis consent gating names the sarcasm switch when only that category is off","status":"passed","title":"names the sarcasm switch when only that category is off","duration":0.15899999999987813,"failureMessages":[],"meta":{}},{"ancestorTitles":["resolveAnalysis consent gating"],"fullName":"resolveAnalysis consent gating keeps unrelated categories visible when sarcasm hints are off","status":"passed","title":"keeps unrelated categories visible when sarcasm hints are off","duration":0.2494000000001506,"failureMessages":[],"meta":{}},{"ancestorTitles":["resolveAnalysis consent gating"],"fullName":"resolveAnalysis consent gating names the ragebait switch when only that category is off","status":"passed","title":"names the ragebait switch when only that category is off","duration":0.14249999999992724,"failureMessages":[],"meta":{}},{"ancestorTitles":["resolveAnalysis consent gating"],"fullName":"resolveAnalysis consent gating reports \"none\" for a post without a scripted analysis","status":"passed","title":"reports \"none\" for a post without a scripted analysis","duration":0.14859999999998763,"failureMessages":[],"meta":{}},{"ancestorTitles":["viewer estimate gating"],"fullName":"viewer estimate gating produces no estimate while simulated capture is off (the default)","status":"passed","title":"produces no estimate while simulated capture is off (the default)","duration":0.15279999999984284,"failureMessages":[],"meta":{}},{"ancestorTitles":["viewer estimate gating"],"fullName":"viewer estimate gating produces an estimate once capture is switched on","status":"passed","title":"produces an estimate once capture is switched on","duration":0.10190000000011423,"failureMessages":[],"meta":{}},{"ancestorTitles":["viewer estimate gating"],"fullName":"viewer estimate gating produces no estimate while paused, even with capture on","status":"passed","title":"produces no estimate while paused, even with capture on","duration":0.06790000000000873,"failureMessages":[],"meta":{}},{"ancestorTitles":["viewer estimate gating"],"fullName":"viewer estimate gating deliberately mis-estimates the ragebait post so scenario 3 has something to correct","status":"passed","title":"deliberately mis-estimates the ragebait post so scenario 3 has something to correct","duration":0.11370000000010805,"failureMessages":[],"meta":{}},{"ancestorTitles":["viewer estimate gating"],"fullName":"viewer estimate gating is deterministic across calls","status":"passed","title":"is deterministic across calls","duration":0.06860000000006039,"failureMessages":[],"meta":{}},{"ancestorTitles":["timeline and community gating"],"fullName":"timeline and community gating hides the timeline without capture consent","status":"passed","title":"hides the timeline without capture consent","duration":0.05739999999991596,"failureMessages":[],"meta":{}},{"ancestorTitles":["timeline and community gating"],"fullName":"timeline and community gating returns the timeline with capture consent","status":"passed","title":"returns the timeline with capture consent","duration":0.3027999999999338,"failureMessages":[],"meta":{}},{"ancestorTitles":["timeline and community gating"],"fullName":"timeline and community gating hides community data when the participant switched it off","status":"passed","title":"hides community data when the participant switched it off","duration":0.08940000000006876,"failureMessages":[],"meta":{}},{"ancestorTitles":["segmentAt"],"fullName":"segmentAt finds the segment covering a position","status":"passed","title":"finds the segment covering a position","duration":0.17290000000002692,"failureMessages":[],"meta":{}},{"ancestorTitles":["segmentAt"],"fullName":"segmentAt treats the upper bound as exclusive so segments cannot overlap","status":"passed","title":"treats the upper bound as exclusive so segments cannot overlap","duration":0.059700000000020736,"failureMessages":[],"meta":{}},{"ancestorTitles":["segmentAt"],"fullName":"segmentAt returns nothing past the end of the clip","status":"passed","title":"returns nothing past the end of the clip","duration":0.06190000000015061,"failureMessages":[],"meta":{}},{"ancestorTitles":["deriveContentCategory"],"fullName":"deriveContentCategory sorts posts into buckets for the personal overview","status":"passed","title":"sorts posts into buckets for the personal overview","duration":0.16859999999996944,"failureMessages":[],"meta":{}}],"startTime":1786440750390,"endTime":1786440750396.1729,"status":"passed","message":"","name":"C:/Users/flori/OneDrive/Dokumente/Uni/6. Semester/ETHOS/src/features/simulation/mockEngine.test.ts"}]}