{"numTotalTestSuites":13,"numPassedTestSuites":13,"numFailedTestSuites":0,"numPendingTestSuites":0,"numTotalTests":37,"numPassedTests":1,"numFailedTests":0,"numPendingTests":36,"numTodoTests":0,"snapshot":{"added":0,"failure":false,"filesAdded":0,"filesRemoved":0,"filesRemovedList":[],"filesUnmatched":0,"filesUpdated":0,"matched":0,"total":0,"unchecked":0,"uncheckedKeysByFile":[],"unmatched":0,"updated":0,"didUpdate":false},"startTime":1786440737822,"success":true,"testResults":[{"assertionResults":[{"ancestorTitles":["consent defaults"],"fullName":"consent defaults never enables camera capture or sharing by default","status":"skipped","title":"never enables camera capture or sharing by default","failureMessages":[],"meta":{}},{"ancestorTitles":["consent defaults"],"fullName":"consent defaults defaults hints to on-demand rather than always visible","status":"skipped","title":"defaults hints to on-demand rather than always visible","failureMessages":[],"meta":{}},{"ancestorTitles":["landing page"],"fullName":"landing page explains the product and marks it as a simulation","status":"skipped","title":"explains the product and marks it as a simulation","failureMessages":[],"meta":{}},{"ancestorTitles":["landing page"],"fullName":"landing page goes to the onboarding from \"Demo starten\"","status":"skipped","title":"goes to the onboarding from \"Demo starten\"","failureMessages":[],"meta":{}},{"ancestorTitles":["onboarding"],"fullName":"onboarding walks through every step and ends on the consent screen","status":"skipped","title":"walks through every step and ends on the consent screen","failureMessages":[],"meta":{}},{"ancestorTitles":["simulated phone"],"fullName":"simulated phone ends the setup on the home screen, not inside the feed","status":"skipped","title":"ends the setup on the home screen, not inside the feed","failureMessages":[],"meta":{}},{"ancestorTitles":["simulated phone"],"fullName":"simulated phone offers the platform and ContextLens as two separate apps","status":"skipped","title":"offers the platform and ContextLens as two separate apps","failureMessages":[],"meta":{}},{"ancestorTitles":["simulated phone"],"fullName":"simulated phone states what the extension is currently doing on the home screen","status":"skipped","title":"states what the extension is currently doing on the home screen","failureMessages":[],"meta":{}},{"ancestorTitles":["assistance layer over a foreign app"],"fullName":"assistance layer over a foreign app marks the feed as someone else’s app and keeps the extension visible","status":"skipped","title":"marks the feed as someone else’s app and keeps the extension visible","failureMessages":[],"meta":{}},{"ancestorTitles":["assistance layer over a foreign app"],"fullName":"assistance layer over a foreign app pauses the whole layer from the overlay panel","status":"skipped","title":"pauses the whole layer from the overlay panel","failureMessages":[],"meta":{}},{"ancestorTitles":["assistance layer over a foreign app"],"fullName":"assistance layer over a foreign app never reports the analysis as running when it is switched off","status":"skipped","title":"never reports the analysis as running when it is switched off","failureMessages":[],"meta":{}},{"ancestorTitles":["assistance layer over a foreign app"],"fullName":"assistance layer over a foreign app says so when a platform control does not exist in the prototype","status":"skipped","title":"says so when a platform control does not exist in the prototype","failureMessages":[],"meta":{}},{"ancestorTitles":["visual feed"],"fullName":"visual feed lists the example posts with assistant buttons","status":"skipped","title":"lists the example posts with assistant buttons","failureMessages":[],"meta":{}},{"ancestorTitles":["visual feed"],"fullName":"visual feed switches to the discussion feed","status":"skipped","title":"switches to the discussion feed","failureMessages":[],"meta":{}},{"ancestorTitles":["visual feed"],"fullName":"visual feed uses photo-feed conventions: action row, likes line, inline caption","status":"skipped","title":"uses photo-feed conventions: action row, likes line, inline caption","failureMessages":[],"meta":{}},{"ancestorTitles":["visual feed"],"fullName":"visual feed likes a post on double tap and never un-likes it that way","status":"skipped","title":"likes a post on double tap and never un-likes it that way","failureMessages":[],"meta":{}},{"ancestorTitles":["visual feed"],"fullName":"visual feed loads example imagery for each post instead of a grey box","status":"passed","title":"loads example imagery for each post instead of a grey box","duration":142.68880000000013,"failureMessages":[],"meta":{}},{"ancestorTitles":["visual feed"],"fullName":"visual feed follows an account without pretending an account exists","status":"skipped","title":"follows an account without pretending an account exists","failureMessages":[],"meta":{}},{"ancestorTitles":["visual feed"],"fullName":"visual feed offers the community reaction as one emoji per post","status":"skipped","title":"offers the community reaction as one emoji per post","failureMessages":[],"meta":{}},{"ancestorTitles":["visual feed"],"fullName":"visual feed labels the decorative platform controls as non-functional","status":"skipped","title":"labels the decorative platform controls as non-functional","failureMessages":[],"meta":{}},{"ancestorTitles":["visual feed"],"fullName":"visual feed keeps the media layer labelled as either an example clip or a simulated fallback","status":"skipped","title":"keeps the media layer labelled as either an example clip or a simulated fallback","failureMessages":[],"meta":{}},{"ancestorTitles":["visual feed"],"fullName":"visual feed shows the status bar with the camera reported as off","status":"skipped","title":"shows the status bar with the camera reported as off","failureMessages":[],"meta":{}},{"ancestorTitles":["post detail"],"fullName":"post detail shows content, analysis and community reactions in order","status":"skipped","title":"shows content, analysis and community reactions in order","failureMessages":[],"meta":{}},{"ancestorTitles":["post detail"],"fullName":"post detail separates estimated and self-reported community data behind a switch","status":"skipped","title":"separates estimated and self-reported community data behind a switch","failureMessages":[],"meta":{}},{"ancestorTitles":["post detail"],"fullName":"post detail always warns that the group need not be representative","status":"skipped","title":"always warns that the group need not be representative","failureMessages":[],"meta":{}},{"ancestorTitles":["post detail"],"fullName":"post detail explains why no reaction timeline is shown without consent","status":"skipped","title":"explains why no reaction timeline is shown without consent","failureMessages":[],"meta":{}},{"ancestorTitles":["post detail"],"fullName":"post detail shows the reaction timeline once capture is enabled","status":"skipped","title":"shows the reaction timeline once capture is enabled","failureMessages":[],"meta":{}},{"ancestorTitles":["privacy dashboard"],"fullName":"privacy dashboard states local-only processing and lists what is simulated","status":"skipped","title":"states local-only processing and lists what is simulated","failureMessages":[],"meta":{}},{"ancestorTitles":["privacy dashboard"],"fullName":"privacy dashboard asks for confirmation before deleting everything","status":"skipped","title":"asks for confirmation before deleting everything","failureMessages":[],"meta":{}},{"ancestorTitles":["settings"],"fullName":"settings unlocks the camera preview only after capture is enabled","status":"skipped","title":"unlocks the camera preview only after capture is enabled","failureMessages":[],"meta":{}},{"ancestorTitles":["settings"],"fullName":"settings turns the preview and sharing back off when capture is disabled again","status":"skipped","title":"turns the preview and sharing back off when capture is disabled again","failureMessages":[],"meta":{}},{"ancestorTitles":["settings"],"fullName":"settings pauses every hint at once","status":"skipped","title":"pauses every hint at once","failureMessages":[],"meta":{}},{"ancestorTitles":["research mode"],"fullName":"research mode offers exactly the three scenarios from the brief","status":"skipped","title":"offers exactly the three scenarios from the brief","failureMessages":[],"meta":{}},{"ancestorTitles":["research mode"],"fullName":"research mode runs a scenario through to a saved rating","status":"skipped","title":"runs a scenario through to a saved rating","failureMessages":[],"meta":{}},{"ancestorTitles":["personal overview"],"fullName":"personal overview shows an empty state before anything has been viewed","status":"skipped","title":"shows an empty state before anything has been viewed","failureMessages":[],"meta":{}},{"ancestorTitles":["personal overview"],"fullName":"personal overview records viewed posts and allows deleting a single entry","status":"skipped","title":"records viewed posts and allows deleting a single entry","failureMessages":[],"meta":{}},{"ancestorTitles":["unknown routes"],"fullName":"unknown routes shows a recovery page rather than a blank screen","status":"skipped","title":"shows a recovery page rather than a blank screen","failureMessages":[],"meta":{}}],"startTime":1786440739540,"endTime":1786440739682.6887,"status":"passed","message":"","name":"C:/Users/flori/OneDrive/Dokumente/Uni/6. Semester/ETHOS/src/app/smoke.test.tsx"}]}